<?xml version="1.0" encoding="UTF-8"?>
<testsuite name="TestSuite" time="15.819" tests="16" errors="0" skipped="0" failures="0">
  <properties>
    <property name="idea.version" value="13.1.2"/>
    <property name="java.runtime.name" value="Java(TM) SE Runtime Environment"/>
    <property name="sun.boot.library.path" value="C:\Java\jdk1.8.0_05\jre\bin"/>
    <property name="java.vm.version" value="25.5-b02"/>
    <property name="java.vm.vendor" value="Oracle Corporation"/>
    <property name="java.vendor.url" value="http://java.oracle.com/"/>
    <property name="path.separator" value=";"/>
    <property name="guice.disable.misplaced.annotation.check" value="true"/>
    <property name="java.vm.name" value="Java HotSpot(TM) 64-Bit Server VM"/>
    <property name="file.encoding.pkg" value="sun.io"/>
    <property name="idea.launcher.port" value="7533"/>
    <property name="user.script" value=""/>
    <property name="user.country" value="US"/>
    <property name="sun.java.launcher" value="SUN_STANDARD"/>
    <property name="sun.os.patch.level" value=""/>
    <property name="java.vm.specification.name" value="Java Virtual Machine Specification"/>
    <property name="user.dir" value="C:\Users\austenjt\IdeaProjects\testng-custom-report-example"/>
    <property name="java.runtime.version" value="1.8.0_05-b13"/>
    <property name="java.awt.graphicsenv" value="sun.awt.Win32GraphicsEnvironment"/>
    <property name="java.endorsed.dirs" value="C:\Java\jdk1.8.0_05\jre\lib\endorsed"/>
    <property name="os.arch" value="amd64"/>
    <property name="java.io.tmpdir" value="C:\Users\austenjt\AppData\Local\Temp\"/>
    <property name="line.separator" value="&#10;"/>
    <property name="java.vm.specification.vendor" value="Oracle Corporation"/>
    <property name="user.variant" value=""/>
    <property name="os.name" value="Windows 8.1"/>
    <property name="classworlds.conf" value="C:\Dropbox\JAVA\apache-maven-3.1.1\bin\m2.conf"/>
    <property name="sun.jnu.encoding" value="Cp1252"/>
    <property name="java.library.path" value="C:\Java\jdk1.8.0_05\bin;C:\WINDOWS\Sun\Java\bin;C:\WINDOWS\system32;C:\WINDOWS;C:\Program Files (x86)\NVIDIA Corporation\PhysX\Common;C:\Dropbox\Java64\jdk1.7.0_45_x64\bin;C:\Program Files (x86)\Intel\iCLS Client\;C:\Program Files\Intel\iCLS Client\;C:\Program Files\Broadcom\Broadcom 802.11 Network Adapter\Driver;C:\WINDOWS\system32;C:\WINDOWS;C:\WINDOWS\System32\Wbem;C:\WINDOWS\System32\WindowsPowerShell\v1.0\;C:\Program Files (x86)\Intel\OpenCL SDK\3.0\bin\x86;C:\Program Files (x86)\Intel\OpenCL SDK\3.0\bin\x64;C:\Program Files\Intel\Intel(R) Management Engine Components\DAL;C:\Program Files\Intel\Intel(R) Management Engine Components\IPT;C:\Program Files (x86)\Intel\Intel(R) Management Engine Components\DAL;C:\Program Files (x86)\Intel\Intel(R) Management Engine Components\IPT;C:\Program Files\WIDCOMM\Bluetooth Software\;C:\Program Files\WIDCOMM\Bluetooth Software\syswow64;C:\Dropbox\JAVA\gradle-1.9\bin;C:\Dropbox\JAVA\groovy-2.2.1\bin;C:\Dropbox\JAVA\apache-maven-3.1.1\bin;C:\Program Files (x86)\Git\bin;C:\Program Files (x86)\Git\cmd;."/>
    <property name="java.specification.name" value="Java Platform API Specification"/>
    <property name="java.class.version" value="52.0"/>
    <property name="sun.management.compiler" value="HotSpot 64-Bit Tiered Compilers"/>
    <property name="os.version" value="6.3"/>
    <property name="user.home" value="C:\Users\austenjt"/>
    <property name="user.timezone" value="America/Los_Angeles"/>
    <property name="java.awt.printerjob" value="sun.awt.windows.WPrinterJob"/>
    <property name="java.specification.version" value="1.8"/>
    <property name="idea.launcher.bin.path" value="C:\IntelliJ-IDEA\bin"/>
    <property name="file.encoding" value="UTF-8"/>
    <property name="user.name" value="austenjt"/>
    <property name="java.class.path" value="C:\Dropbox\JAVA\apache-maven-3.1.1\boot\plexus-classworlds-2.5.1.jar;C:\IntelliJ-IDEA\lib\idea_rt.jar"/>
    <property name="org.slf4j.simpleLogger.defaultLogLevel" value="info"/>
    <property name="java.vm.specification.version" value="1.8"/>
    <property name="sun.arch.data.model" value="64"/>
    <property name="java.home" value="C:\Java\jdk1.8.0_05\jre"/>
    <property name="sun.java.command" value="com.intellij.rt.execution.application.AppMain org.codehaus.classworlds.Launcher -Didea.version=13.1.2 clean compile test-compile test"/>
    <property name="java.specification.vendor" value="Oracle Corporation"/>
    <property name="user.language" value="en"/>
    <property name="awt.toolkit" value="sun.awt.windows.WToolkit"/>
    <property name="java.vm.info" value="mixed mode"/>
    <property name="java.version" value="1.8.0_05"/>
    <property name="java.ext.dirs" value="C:\Java\jdk1.8.0_05\jre\lib\ext;C:\WINDOWS\Sun\Java\lib\ext"/>
    <property name="sun.boot.class.path" value="C:\Java\jdk1.8.0_05\jre\lib\resources.jar;C:\Java\jdk1.8.0_05\jre\lib\rt.jar;C:\Java\jdk1.8.0_05\jre\lib\sunrsasign.jar;C:\Java\jdk1.8.0_05\jre\lib\jsse.jar;C:\Java\jdk1.8.0_05\jre\lib\jce.jar;C:\Java\jdk1.8.0_05\jre\lib\charsets.jar;C:\Java\jdk1.8.0_05\jre\lib\jfr.jar;C:\Java\jdk1.8.0_05\jre\classes"/>
    <property name="java.vendor" value="Oracle Corporation"/>
    <property name="maven.home" value="C:\Dropbox\JAVA\apache-maven-3.1.1"/>
    <property name="file.separator" value="\"/>
    <property name="java.vendor.url.bug" value="http://bugreport.sun.com/bugreport/"/>
    <property name="sun.cpu.endian" value="little"/>
    <property name="sun.io.unicode.encoding" value="UnicodeLittle"/>
    <property name="sun.desktop" value="windows"/>
    <property name="sun.cpu.isalist" value="amd64"/>
  </properties>
  <testcase name="arraysFailures_1" classname="qa.tests.AssertTests2" time="0.566"/>
  <testcase name="arraysFailures_1" classname="qa.tests.AssertTests1" time="0.226"/>
  <testcase name="arraysFailures_2" classname="qa.tests.AssertTests2" time="1.384"/>
  <testcase name="arraysFailures_2" classname="qa.tests.AssertTests1" time="0.34"/>
  <testcase name="arraysFailures_3" classname="qa.tests.AssertTests1" time="0.558"/>
  <testcase name="arraysFailures_3" classname="qa.tests.AssertTests2" time="1.562"/>
  <testcase name="intArray_Issue4" classname="qa.tests.AssertTests1" time="0.432"/>
  <testcase name="intArray_Issue4" classname="qa.tests.AssertTests2" time="1.351"/>
  <testcase name="int_Integer_Arrays" classname="qa.tests.AssertTests1" time="0.135"/>
  <testcase name="int_Integer_Arrays" classname="qa.tests.AssertTests2" time="1.997"/>
  <testcase name="noOrderFailure" classname="qa.tests.AssertTests1" time="0.266"/>
  <testcase name="noOrderSuccess" classname="qa.tests.AssertTests1" time="1.05"/>
  <testcase name="noOrderFailure" classname="qa.tests.AssertTests2" time="1.192"/>
  <testcase name="setsSuccess" classname="qa.tests.AssertTests1" time="1.436"/>
  <testcase name="noOrderSuccess" classname="qa.tests.AssertTests2" time="2.579"/>
  <testcase name="setsSuccess" classname="qa.tests.AssertTests2" time="0.745"/>
</testsuite>