<?xml version="1.0" encoding="UTF-8"?>
<!-- Generated by org.testng.reporters.JUnitReportReporter -->
<testsuite hostname="THORPC" name="qa.tests.AssertTests2" tests="8" failures="0" timestamp="27 Apr 2014 22:21:00 GMT" time="14.393" errors="0">
  <testcase name="intArray_Issue4" time="1.783" classname="qa.tests.AssertTests2"/>
  <testcase name="noOrderSuccess" time="2.579" classname="qa.tests.AssertTests2"/>
  <testcase name="arraysFailures_1" time="0.564" classname="qa.tests.AssertTests2"/>
  <testcase name="arraysFailures_3" time="2.461" classname="qa.tests.AssertTests2"/>
  <testcase name="noOrderFailure" time="2.510" classname="qa.tests.AssertTests2"/>
  <testcase name="int_Integer_Arrays" time="2.134" classname="qa.tests.AssertTests2"/>
  <testcase name="arraysFailures_2" time="1.616" classname="qa.tests.AssertTests2"/>
  <testcase name="setsSuccess" time="0.746" classname="qa.tests.AssertTests2"/>
</testsuite> <!-- qa.tests.AssertTests2 -->
