<?xml version="1.0" encoding="UTF-8"?>
<!-- Generated by org.testng.reporters.JUnitReportReporter -->
<testsuite hostname="THORPC" name="qa.tests.AssertTests1" tests="8" failures="0" timestamp="29 Apr 2014 03:39:19 GMT" time="12.089" errors="0">
  <testcase name="noOrderFailure" time="0.720" classname="qa.tests.AssertTests1"/>
  <testcase name="noOrderSuccess" time="2.712" classname="qa.tests.AssertTests1"/>
  <testcase name="arraysFailures_1" time="2.723" classname="qa.tests.AssertTests1"/>
  <testcase name="intArray_Issue4" time="0.537" classname="qa.tests.AssertTests1"/>
  <testcase name="arraysFailures_3" time="2.592" classname="qa.tests.AssertTests1"/>
  <testcase name="arraysFailures_2" time="1.097" classname="qa.tests.AssertTests1"/>
  <testcase name="int_Integer_Arrays" time="0.904" classname="qa.tests.AssertTests1"/>
  <testcase name="setsSuccess" time="0.804" classname="qa.tests.AssertTests1"/>
</testsuite> <!-- qa.tests.AssertTests1 -->
