<?xml version="1.0" encoding="UTF-8"?>
<!-- Generated by org.testng.reporters.JUnitReportReporter -->
<testsuite hostname="THORPC" name="qa.tests.AssertTests1" tests="8" failures="0" timestamp="27 Apr 2014 22:21:00 GMT" time="12.502" errors="0">
  <testcase name="noOrderFailure" time="2.264" classname="qa.tests.AssertTests1"/>
  <testcase name="arraysFailures_2" time="1.724" classname="qa.tests.AssertTests1"/>
  <testcase name="arraysFailures_1" time="0.797" classname="qa.tests.AssertTests1"/>
  <testcase name="int_Integer_Arrays" time="1.487" classname="qa.tests.AssertTests1"/>
  <testcase name="arraysFailures_3" time="0.558" classname="qa.tests.AssertTests1"/>
  <testcase name="intArray_Issue4" time="1.994" classname="qa.tests.AssertTests1"/>
  <testcase name="noOrderSuccess" time="1.050" classname="qa.tests.AssertTests1"/>
  <testcase name="setsSuccess" time="2.628" classname="qa.tests.AssertTests1"/>
</testsuite> <!-- qa.tests.AssertTests1 -->
