<?xml version="1.0" encoding="UTF-8"?>
<!-- Generated by org.testng.reporters.JUnitReportReporter -->
<testsuite hostname="THORPC" name="qa.tests.AssertTests1" tests="8" failures="0" timestamp="29 Apr 2014 01:34:54 GMT" time="18.800" errors="0">
  <testcase name="arraysFailures_2" time="2.646" classname="qa.tests.AssertTests1"/>
  <testcase name="setsSuccess" time="2.622" classname="qa.tests.AssertTests1"/>
  <testcase name="int_Integer_Arrays" time="2.465" classname="qa.tests.AssertTests1"/>
  <testcase name="intArray_Issue4" time="1.913" classname="qa.tests.AssertTests1"/>
  <testcase name="arraysFailures_1" time="2.539" classname="qa.tests.AssertTests1"/>
  <testcase name="arraysFailures_3" time="2.406" classname="qa.tests.AssertTests1"/>
  <testcase name="noOrderSuccess" time="1.791" classname="qa.tests.AssertTests1"/>
  <testcase name="noOrderFailure" time="2.418" classname="qa.tests.AssertTests1"/>
</testsuite> <!-- qa.tests.AssertTests1 -->
