<?xml version="1.0" encoding="UTF-8"?>
<!-- Generated by org.testng.reporters.JUnitReportReporter -->
<testsuite hostname="THORPC" name="qa.tests.AssertTests2" tests="8" failures="0" timestamp="29 Apr 2014 04:08:19 GMT" time="13.979" errors="0">
  <testcase name="arraysFailures_1" time="0.536" classname="qa.tests.AssertTests2"/>
  <testcase name="noOrderSuccess" time="1.756" classname="qa.tests.AssertTests2"/>
  <testcase name="intArray_Issue4" time="2.858" classname="qa.tests.AssertTests2"/>
  <testcase name="setsSuccess" time="1.699" classname="qa.tests.AssertTests2"/>
  <testcase name="arraysFailures_2" time="2.417" classname="qa.tests.AssertTests2"/>
  <testcase name="int_Integer_Arrays" time="0.985" classname="qa.tests.AssertTests2"/>
  <testcase name="arraysFailures_3" time="2.647" classname="qa.tests.AssertTests2"/>
  <testcase name="noOrderFailure" time="1.081" classname="qa.tests.AssertTests2"/>
</testsuite> <!-- qa.tests.AssertTests2 -->
