<?xml version="1.0" encoding="UTF-8"?>
<!-- Generated by org.testng.reporters.JUnitReportReporter -->
<testsuite hostname="THORPC" name="qa.tests.AssertTests2" tests="8" failures="0" timestamp="29 Apr 2014 03:39:19 GMT" time="14.857" errors="0">
  <testcase name="arraysFailures_1" time="1.482" classname="qa.tests.AssertTests2"/>
  <testcase name="intArray_Issue4" time="1.704" classname="qa.tests.AssertTests2"/>
  <testcase name="int_Integer_Arrays" time="0.700" classname="qa.tests.AssertTests2"/>
  <testcase name="arraysFailures_3" time="1.666" classname="qa.tests.AssertTests2"/>
  <testcase name="noOrderFailure" time="1.505" classname="qa.tests.AssertTests2"/>
  <testcase name="arraysFailures_2" time="2.843" classname="qa.tests.AssertTests2"/>
  <testcase name="setsSuccess" time="2.575" classname="qa.tests.AssertTests2"/>
  <testcase name="noOrderSuccess" time="2.382" classname="qa.tests.AssertTests2"/>
</testsuite> <!-- qa.tests.AssertTests2 -->
