<?xml version="1.0" encoding="UTF-8"?>
<!-- Generated by org.testng.reporters.JUnitReportReporter -->
<testsuite hostname="THORPC" name="qa.tests.BeforeTestSkip" tests="1" failures="1" timestamp="29 Apr 2014 04:08:19 GMT" time="0.005" errors="0">
  <testcase name="arraysFailures_3" time="0.005" classname="qa.tests.BeforeTestSkip"/>
</testsuite> <!-- qa.tests.BeforeTestSkip -->
