<?xml version="1.0" encoding="UTF-8"?>
<!-- Generated by org.testng.reporters.JUnitReportReporter -->
<testsuite hostname="THORPC" name="qa.tests.AssertTests2" tests="8" failures="0" timestamp="29 Apr 2014 01:34:54 GMT" time="9.529" errors="0">
  <testcase name="arraysFailures_3" time="0.756" classname="qa.tests.AssertTests2"/>
  <testcase name="noOrderSuccess" time="0.676" classname="qa.tests.AssertTests2"/>
  <testcase name="arraysFailures_1" time="0.627" classname="qa.tests.AssertTests2"/>
  <testcase name="arraysFailures_2" time="1.064" classname="qa.tests.AssertTests2"/>
  <testcase name="intArray_Issue4" time="1.214" classname="qa.tests.AssertTests2"/>
  <testcase name="int_Integer_Arrays" time="0.723" classname="qa.tests.AssertTests2"/>
  <testcase name="setsSuccess" time="1.580" classname="qa.tests.AssertTests2"/>
  <testcase name="noOrderFailure" time="2.889" classname="qa.tests.AssertTests2"/>
</testsuite> <!-- qa.tests.AssertTests2 -->
