<?xml version="1.0" encoding="UTF-8"?>
<!-- Generated by org.testng.reporters.JUnitReportReporter -->
<testsuite hostname="THORPC" name="qa.tests.AssertTests1" tests="8" failures="0" timestamp="29 Apr 2014 04:08:19 GMT" time="11.185" errors="0">
  <testcase name="setsSuccess" time="0.969" classname="qa.tests.AssertTests1"/>
  <testcase name="arraysFailures_2" time="1.643" classname="qa.tests.AssertTests1"/>
  <testcase name="noOrderSuccess" time="1.886" classname="qa.tests.AssertTests1"/>
  <testcase name="intArray_Issue4" time="0.571" classname="qa.tests.AssertTests1"/>
  <testcase name="int_Integer_Arrays" time="0.860" classname="qa.tests.AssertTests1"/>
  <testcase name="arraysFailures_3" time="1.827" classname="qa.tests.AssertTests1"/>
  <testcase name="noOrderFailure" time="1.730" classname="qa.tests.AssertTests1"/>
  <testcase name="arraysFailures_1" time="1.699" classname="qa.tests.AssertTests1"/>
</testsuite> <!-- qa.tests.AssertTests1 -->
